#
# A fatal error has been detected by the Java Runtime Environment:
#
#  Internal Error (javaClasses.cpp:126), pid=16576, tid=103660
#  fatal error: Invalid layout of preloaded class
#
# JRE version:  (8.0_20-b26) (build )
# Java VM: Java HotSpot(TM) 64-Bit Server VM (25.20-b23 mixed mode windows-amd64 compressed oops)
# Failed to write core dump. Minidumps are not enabled by default on client versions of Windows
#
# If you would like to submit a bug report, please visit:
#   http://bugreport.sun.com/bugreport/crash.jsp
#

---------------  T H R E A D  ---------------

Current thread (0x0000000002310800):  JavaThread "Unknown thread" [_thread_in_vm, id=103660, stack(0x0000000002210000,0x0000000002310000)]

Stack: [0x0000000002210000,0x0000000002310000]
Native frames: (J=compiled Java code, j=interpreted, Vv=VM code, C=native code)
V  [jvm.dll+0x3152fa]
V  [jvm.dll+0x265d03]
V  [jvm.dll+0x266943]
V  [jvm.dll+0x25e1e6]
V  [jvm.dll+0x5e64c]
V  [jvm.dll+0x5e743]
V  [jvm.dll+0x7316a]
V  [jvm.dll+0x734c8]
V  [jvm.dll+0xe3937]
V  [jvm.dll+0xe3cc6]
V  [jvm.dll+0x1f89d7]
V  [jvm.dll+0x229fc4]
V  [jvm.dll+0x14c6f1]
C  [javaw.exe+0x20c6]
C  [javaw.exe+0xc9eb]
C  [javaw.exe+0xca7f]
C  [KERNEL32.DLL+0x16ad]
C  [ntdll.dll+0x54409]


---------------  P R O C E S S  ---------------

Java Threads: ( => current thread )

Other Threads:

=>0x0000000002310800 (exited) JavaThread "Unknown thread" [_thread_in_vm, id=103660, stack(0x0000000002210000,0x0000000002310000)]

VM state:not at safepoint (not fully initialized)

VM Mutex/Monitor currently owned by a thread: None

GC Heap History (0 events):
No events

Deoptimization events (0 events):
No events

Internal exceptions (0 events):
No events

Events (10 events):
Event: 0.018 loading class java/lang/CharSequence done
Event: 0.018 loading class java/lang/String done
Event: 0.018 loading class java/lang/Class
Event: 0.018 loading class java/lang/reflect/AnnotatedElement
Event: 0.018 loading class java/lang/reflect/AnnotatedElement done
Event: 0.018 loading class java/lang/reflect/GenericDeclaration
Event: 0.018 loading class java/lang/reflect/GenericDeclaration done
Event: 0.018 loading class java/lang/reflect/Type
Event: 0.018 loading class java/lang/reflect/Type done
Event: 0.019 loading class java/lang/Class done


Dynamic libraries:
0x00007ff6ccc10000 - 0x00007ff6ccc44000 	C:\Program Files\Java\jdk1.8.0_20\bin\javaw.exe
0x00007ffd0c960000 - 0x00007ffd0cb06000 	C:\windows\SYSTEM32\ntdll.dll
0x00007ffd0a590000 - 0x00007ffd0a6ca000 	C:\windows\system32\KERNEL32.DLL
0x00007ffd09e00000 - 0x00007ffd09f0f000 	C:\windows\system32\KERNELBASE.dll
0x00007ffd08570000 - 0x00007ffd085f8000 	C:\windows\system32\apphelp.dll
0x00007ffcedae0000 - 0x00007ffcedb2f000 	C:\windows\AppPatch\AppPatch64\AcGenral.DLL
0x00007ffd0bb30000 - 0x00007ffd0bbd7000 	C:\windows\system32\msvcrt.dll
0x00007ffd09b20000 - 0x00007ffd09b4b000 	C:\windows\SYSTEM32\SspiCli.dll
0x00007ffd0c160000 - 0x00007ffd0c1b1000 	C:\windows\system32\SHLWAPI.dll
0x00007ffd0c570000 - 0x00007ffd0c6e1000 	C:\windows\system32\USER32.dll
0x00007ffd0bfd0000 - 0x00007ffd0c148000 	C:\windows\system32\ole32.dll
0x00007ffd0a6d0000 - 0x00007ffd0badf000 	C:\windows\system32\SHELL32.dll
0x00007ffd09450000 - 0x00007ffd0946e000 	C:\windows\SYSTEM32\USERENV.dll
0x00007ffd0c6f0000 - 0x00007ffd0c795000 	C:\windows\system32\ADVAPI32.dll
0x00007ffcf77a0000 - 0x00007ffcf77bb000 	C:\windows\SYSTEM32\MPR.dll
0x00007ffd0c430000 - 0x00007ffd0c567000 	C:\windows\system32\RPCRT4.dll
0x00007ffd0bbe0000 - 0x00007ffd0bc37000 	C:\windows\SYSTEM32\sechost.dll
0x00007ffd0bcf0000 - 0x00007ffd0bec6000 	C:\windows\SYSTEM32\combase.dll
0x00007ffd0c7b0000 - 0x00007ffd0c8f4000 	C:\windows\system32\GDI32.dll
0x00007ffd09ce0000 - 0x00007ffd09cf4000 	C:\windows\SYSTEM32\profapi.dll
0x00007ffd07d30000 - 0x00007ffd07dcf000 	C:\windows\SYSTEM32\SHCORE.dll
0x00007ffd0baf0000 - 0x00007ffd0bb24000 	C:\windows\system32\IMM32.DLL
0x00007ffd0a450000 - 0x00007ffd0a589000 	C:\windows\system32\MSCTF.dll
0x00007ffd05580000 - 0x00007ffd057da000 	C:\windows\WinSxS\amd64_microsoft.windows.common-controls_6595b64144ccf1df_6.0.9600.17031_none_6242a4b3ecbb55a1\COMCTL32.dll
0x0000000075c30000 - 0x0000000075d02000 	C:\Program Files\Java\jdk1.8.0_20\jre\bin\msvcr100.dll
0x00000000746c0000 - 0x0000000074f18000 	C:\Program Files\Java\jdk1.8.0_20\jre\bin\server\jvm.dll
0x00007ffcfffe0000 - 0x00007ffcfffe9000 	C:\windows\SYSTEM32\WSOCK32.dll
0x00007ffd04b50000 - 0x00007ffd04b6f000 	C:\windows\SYSTEM32\WINMM.dll
0x00007ffd0bae0000 - 0x00007ffd0bae7000 	C:\windows\system32\PSAPI.DLL
0x00007ffd0bed0000 - 0x00007ffd0bf28000 	C:\windows\system32\WS2_32.dll
0x00007ffd04b20000 - 0x00007ffd04b4a000 	C:\windows\SYSTEM32\WINMMBASE.dll
0x00007ffd0c7a0000 - 0x00007ffd0c7a9000 	C:\windows\system32\NSI.dll
0x00007ffd0a1a0000 - 0x00007ffd0a1ea000 	C:\windows\SYSTEM32\cfgmgr32.dll
0x00007ffd08b70000 - 0x00007ffd08b96000 	C:\windows\SYSTEM32\DEVOBJ.dll
0x0000000075c20000 - 0x0000000075c2f000 	C:\Program Files\Java\jdk1.8.0_20\jre\bin\verify.dll
0x0000000075bf0000 - 0x0000000075c18000 	C:\Program Files\Java\jdk1.8.0_20\jre\bin\java.dll
0x0000000075bd0000 - 0x0000000075be6000 	C:\Program Files\Java\jdk1.8.0_20\jre\bin\zip.dll
0x00007ffcdf340000 - 0x00007ffcdf4c8000 	C:\windows\SYSTEM32\dbghelp.dll

VM Arguments:
jvm_args: -Dfile.encoding=Cp1252 -Xbootclasspath:C:\Program Files\Android\android-sdk\platforms\android-19\android.jar 
java_command: com.symlab.testoffloading.Main
java_class_path (initial): C:\eclipse\Workspace\Hydra\HydraApp\bin\classes;C:\eclipse\Workspace\Hydra\HydraLibrary\bin\hydralibrary.jar
Launcher Type: SUN_STANDARD

Environment Variables:
PATH=C:/Program Files/Java/jre1.8.0_20/bin/server;C:/Program Files/Java/jre1.8.0_20/bin;C:/Program Files/Java/jre1.8.0_20/lib/amd64;C:\ProgramData\Oracle\Java\javapath;C:\Program Files (x86)\Lenovo\FusionEngine;C:\Program Files (x86)\Intel\iCLS Client\;C:\Program Files\Intel\iCLS Client\;C:\windows\system32;C:\windows;C:\windows\System32\Wbem;C:\windows\System32\WindowsPowerShell\v1.0\;C:\Program Files (x86)\Lenovo\Motion Control\;C:\Program Files (x86)\Common Files\lenovo\easyplussdk\bin;C:\Program Files\Intel\Intel(R) Management Engine Components\DAL;C:\Program Files\Intel\Intel(R) Management Engine Components\IPT;C:\Program Files (x86)\Intel\Intel(R) Management Engine Components\DAL;C:\Program Files (x86)\Intel\Intel(R) Management Engine Components\IPT;C:\Program Files\Android\android-sdk\platform-tools;C:\Program Files\Intel\WiFi\bin\;C:\Program Files\Common Files\Intel\WirelessCommon\;C:\Program Files\Intel\WiFi\bin\;C:\Program Files\Common Files\Intel\WirelessCommon\;C:\eclipse\eclipse-SDK-4.4-win32-x86_64\eclipse;
USERNAME=Morteza
OS=Windows_NT
PROCESSOR_IDENTIFIER=Intel64 Family 6 Model 69 Stepping 1, GenuineIntel



---------------  S Y S T E M  ---------------

OS: Windows 8.1 , 64 bit Build 9600 

CPU:total 4 (2 cores per cpu, 2 threads per core) family 6 model 69 stepping 1, cmov, cx8, fxsr, mmx, sse, sse2, sse3, ssse3, sse4.1, sse4.2, popcnt, avx, avx2, aes, clmul, erms, lzcnt, ht, tsc, tscinvbit, bmi1, bmi2

Memory: 4k page, physical 8298776k(3253912k free), swap 14747880k(7085848k free)

vm_info: Java HotSpot(TM) 64-Bit Server VM (25.20-b23) for windows-amd64 JRE (1.8.0_20-b26), built on Jul 30 2014 13:51:23 by "java_re" with MS VC++ 10.0 (VS2010)

time: Thu Oct 02 02:11:30 2014
elapsed time: 0 seconds (0d 0h 0m 0s)

